<?xml version="1.0" encoding="UTF-8"?>
<!-- Generated by org.testng.reporters.JUnitXMLReporter -->
<testsuite ignored="2" hostname="LAPTOP-ELT3LUMQ" failures="0" tests="1" name="Default test(failed)" time="6.621" errors="0" timestamp="23 Aug 2021 04:00:50 GMT">
  <testcase classname="com.qa.Test.LoginPageTest" name="doScreenTitleTest" time="0.014"/>
  <testcase classname="com.qa.Test.LoginPageTest" name="doLoginTest" time="0.0">
    <ignored/>
  </testcase> <!-- doLoginTest -->
  <testcase classname="com.qa.Test.LoginPageTest" name="doIconDisplayTest" time="0.0">
    <ignored/>
  </testcase> <!-- doIconDisplayTest -->
</testsuite> <!-- Default test(failed) -->
