<?xml version="1.0" encoding="UTF-8"?>
<!-- Generated by org.testng.reporters.JUnitXMLReporter -->
<testsuite ignored="0" hostname="LAPTOP-ELT3LUMQ" failures="0" tests="4" name="Default test" time="28.937" errors="0" timestamp="31 Aug 2021 11:30:44 GMT">
  <testcase classname="com.qa.Test.DesktopComponentSelectionPageTest" name="doDesktopProdSelectionTest" time="7.904"/>
  <testcase classname="com.qa.Test.DesktopComponentSelectionPageTest" name="doCompareBtnClickTest" time="0.051"/>
  <testcase classname="com.qa.Test.DesktopComponentSelectionPageTest" name="doContainerClickTest" time="2.966"/>
  <testcase classname="com.qa.Test.DesktopComponentSelectionPageTest" name="doProductComapreBtnClickTest" time="2.115"/>
</testsuite> <!-- Default test -->
