<?xml version="1.0" encoding="UTF-8"?>
<!-- Generated by org.testng.reporters.JUnitXMLReporter -->
<testsuite ignored="0" hostname="LAPTOP-ELT3LUMQ" failures="0" tests="4" name="Component page Test" time="16.459" errors="0" timestamp="31 Aug 2021 11:37:27 GMT">
  <testcase classname="com.qa.Test.ComponentPageTest" name="doClickOnComponentEleTest" time="2.41"/>
  <testcase classname="com.qa.Test.ComponentPageTest" name="doScreenTitleCheck" time="0.008"/>
  <testcase classname="com.qa.Test.ComponentPageTest" name="doProductItemsTest" time="0.032"/>
  <testcase classname="com.qa.Test.ComponentPageTest" name="doProductSelectTest" time="2.212"/>
</testsuite> <!-- Component page Test -->
