<?xml version="1.0" encoding="UTF-8"?>
<!-- Generated by org.testng.reporters.JUnitXMLReporter -->
<testsuite ignored="0" hostname="LAPTOP-ELT3LUMQ" failures="0" tests="4" name="DesktopComponentSelectionPageTest page Test" time="16.848" errors="0" timestamp="31 Aug 2021 11:37:44 GMT">
  <testcase classname="com.qa.Test.DesktopComponentSelectionPageTest" name="doDesktopProdSelectionTest" time="2.22"/>
  <testcase classname="com.qa.Test.DesktopComponentSelectionPageTest" name="doCompareBtnClickTest" time="0.067"/>
  <testcase classname="com.qa.Test.DesktopComponentSelectionPageTest" name="doContainerClickTest" time="1.391"/>
  <testcase classname="com.qa.Test.DesktopComponentSelectionPageTest" name="doProductComapreBtnClickTest" time="2.222"/>
</testsuite> <!-- DesktopComponentSelectionPageTest page Test -->
