<?xml version="1.0" encoding="UTF-8"?>
<!-- Generated by org.testng.reporters.JUnitXMLReporter -->
<testsuite ignored="0" hostname="LAPTOP-ELT3LUMQ" failures="0" tests="2" name="HomdPageTest page Test" time="12.006" errors="0" timestamp="31 Aug 2021 11:37:34 GMT">
  <testcase classname="com.qa.Test.HomdPageTest" name="doProductContainerSizeTest" time="0.012"/>
  <testcase classname="com.qa.Test.HomdPageTest" name="desktopProductSelectionTest" time="1.868"/>
</testsuite> <!-- HomdPageTest page Test -->
