<?xml version="1.0" encoding="UTF-8"?>
<!-- Generated by org.testng.reporters.JUnitXMLReporter -->
<testsuite ignored="0" hostname="LAPTOP-ELT3LUMQ" failures="0" tests="3" name="Login page Test" time="11.429" errors="0" timestamp="31 Aug 2021 11:37:22 GMT">
  <testcase classname="com.qa.Test.LoginPageTest" name="doScreenTitleTest" time="0.022"/>
  <testcase classname="com.qa.Test.LoginPageTest" name="doIconDisplayTest" time="0.099"/>
  <testcase classname="com.qa.Test.LoginPageTest" name="doLoginTest" time="5.073"/>
</testsuite> <!-- Login page Test -->
