<?xml version="1.0" encoding="UTF-8"?>
<testng-results ignored="0" total="13" passed="13" failed="0" skipped="0">
  <reporter-output>
  </reporter-output>
  <suite started-at="2021-08-31T11:37:10Z" name="DemoCart Test automtion practise regression suite" finished-at="2021-08-31T11:37:44Z" duration-ms="33381">
    <groups>
    </groups>
    <test started-at="2021-08-31T11:37:10Z" name="Login page Test" finished-at="2021-08-31T11:37:22Z" duration-ms="11429">
      <class name="com.qa.Test.LoginPageTest">
        <test-method is-config="true" signature="setUp()[pri:0, instance:com.qa.Test.LoginPageTest@7e057f43]" started-at="2021-08-31T11:37:10Z" name="setUp" finished-at="2021-08-31T11:37:16Z" duration-ms="5500" status="PASS">
          <reporter-output>
          </reporter-output>
        </test-method> <!-- setUp -->
        <test-method signature="doScreenTitleTest()[pri:1, instance:com.qa.Test.LoginPageTest@7e057f43]" started-at="2021-08-31T11:37:16Z" name="doScreenTitleTest" finished-at="2021-08-31T11:37:16Z" duration-ms="22" status="PASS">
          <reporter-output>
          </reporter-output>
        </test-method> <!-- doScreenTitleTest -->
        <test-method signature="doIconDisplayTest()[pri:2, instance:com.qa.Test.LoginPageTest@7e057f43]" started-at="2021-08-31T11:37:16Z" name="doIconDisplayTest" finished-at="2021-08-31T11:37:16Z" duration-ms="99" status="PASS">
          <reporter-output>
          </reporter-output>
        </test-method> <!-- doIconDisplayTest -->
        <test-method signature="doLoginTest()[pri:3, instance:com.qa.Test.LoginPageTest@7e057f43]" started-at="2021-08-31T11:37:16Z" name="doLoginTest" finished-at="2021-08-31T11:37:21Z" duration-ms="5073" status="PASS">
          <reporter-output>
          </reporter-output>
        </test-method> <!-- doLoginTest -->
        <test-method is-config="true" signature="tearDown()[pri:0, instance:com.qa.Test.LoginPageTest@7e057f43]" started-at="2021-08-31T11:37:21Z" name="tearDown" finished-at="2021-08-31T11:37:22Z" duration-ms="686" status="PASS">
          <reporter-output>
          </reporter-output>
        </test-method> <!-- tearDown -->
      </class> <!-- com.qa.Test.LoginPageTest -->
    </test> <!-- Login page Test -->
    <test started-at="2021-08-31T11:37:10Z" name="Component page Test" finished-at="2021-08-31T11:37:27Z" duration-ms="16459">
      <class name="com.qa.Test.ComponentPageTest">
        <test-method is-config="true" signature="setUp()[pri:0, instance:com.qa.Test.ComponentPageTest@28dcca0c]" started-at="2021-08-31T11:37:10Z" name="setUp" finished-at="2021-08-31T11:37:16Z" duration-ms="5500" status="PASS">
          <reporter-output>
          </reporter-output>
        </test-method> <!-- setUp -->
        <test-method is-config="true" signature="doLogin()[pri:0, instance:com.qa.Test.ComponentPageTest@28dcca0c]" started-at="2021-08-31T11:37:16Z" name="doLogin" finished-at="2021-08-31T11:37:22Z" duration-ms="5601" status="PASS">
          <reporter-output>
          </reporter-output>
        </test-method> <!-- doLogin -->
        <test-method signature="doClickOnComponentEleTest()[pri:0, instance:com.qa.Test.ComponentPageTest@28dcca0c]" started-at="2021-08-31T11:37:22Z" name="doClickOnComponentEleTest" finished-at="2021-08-31T11:37:24Z" duration-ms="2410" status="PASS">
          <reporter-output>
          </reporter-output>
        </test-method> <!-- doClickOnComponentEleTest -->
        <test-method signature="doScreenTitleCheck()[pri:1, instance:com.qa.Test.ComponentPageTest@28dcca0c]" started-at="2021-08-31T11:37:24Z" name="doScreenTitleCheck" finished-at="2021-08-31T11:37:24Z" duration-ms="8" status="PASS">
          <reporter-output>
          </reporter-output>
        </test-method> <!-- doScreenTitleCheck -->
        <test-method signature="doProductItemsTest()[pri:2, instance:com.qa.Test.ComponentPageTest@28dcca0c]" started-at="2021-08-31T11:37:24Z" name="doProductItemsTest" finished-at="2021-08-31T11:37:24Z" duration-ms="32" status="PASS">
          <reporter-output>
          </reporter-output>
        </test-method> <!-- doProductItemsTest -->
        <test-method signature="doProductSelectTest()[pri:3, instance:com.qa.Test.ComponentPageTest@28dcca0c]" started-at="2021-08-31T11:37:24Z" name="doProductSelectTest" finished-at="2021-08-31T11:37:26Z" duration-ms="2212" status="PASS">
          <reporter-output>
          </reporter-output>
        </test-method> <!-- doProductSelectTest -->
        <test-method is-config="true" signature="tearDown()[pri:0, instance:com.qa.Test.ComponentPageTest@28dcca0c]" started-at="2021-08-31T11:37:26Z" name="tearDown" finished-at="2021-08-31T11:37:27Z" duration-ms="673" status="PASS">
          <reporter-output>
          </reporter-output>
        </test-method> <!-- tearDown -->
      </class> <!-- com.qa.Test.ComponentPageTest -->
    </test> <!-- Component page Test -->
    <test started-at="2021-08-31T11:37:22Z" name="HomdPageTest page Test" finished-at="2021-08-31T11:37:34Z" duration-ms="12006">
      <class name="com.qa.Test.HomdPageTest">
        <test-method is-config="true" signature="setUp()[pri:0, instance:com.qa.Test.HomdPageTest@7a5ceedd]" started-at="2021-08-31T11:37:22Z" name="setUp" finished-at="2021-08-31T11:37:25Z" duration-ms="3140" status="PASS">
          <reporter-output>
          </reporter-output>
        </test-method> <!-- setUp -->
        <test-method is-config="true" signature="doLogin()[pri:0, instance:com.qa.Test.HomdPageTest@7a5ceedd]" started-at="2021-08-31T11:37:25Z" name="doLogin" finished-at="2021-08-31T11:37:31Z" duration-ms="6029" status="PASS">
          <reporter-output>
          </reporter-output>
        </test-method> <!-- doLogin -->
        <test-method signature="doProductContainerSizeTest()[pri:0, instance:com.qa.Test.HomdPageTest@7a5ceedd]" started-at="2021-08-31T11:37:31Z" name="doProductContainerSizeTest" finished-at="2021-08-31T11:37:31Z" duration-ms="12" status="PASS">
          <reporter-output>
          </reporter-output>
        </test-method> <!-- doProductContainerSizeTest -->
        <test-method signature="desktopProductSelectionTest()[pri:1, instance:com.qa.Test.HomdPageTest@7a5ceedd]" started-at="2021-08-31T11:37:31Z" name="desktopProductSelectionTest" finished-at="2021-08-31T11:37:33Z" duration-ms="1868" status="PASS">
          <reporter-output>
          </reporter-output>
        </test-method> <!-- desktopProductSelectionTest -->
        <test-method is-config="true" signature="tearDown()[pri:0, instance:com.qa.Test.HomdPageTest@7a5ceedd]" started-at="2021-08-31T11:37:33Z" name="tearDown" finished-at="2021-08-31T11:37:34Z" duration-ms="952" status="PASS">
          <reporter-output>
          </reporter-output>
        </test-method> <!-- tearDown -->
      </class> <!-- com.qa.Test.HomdPageTest -->
    </test> <!-- HomdPageTest page Test -->
    <test started-at="2021-08-31T11:37:27Z" name="DesktopComponentSelectionPageTest page Test" finished-at="2021-08-31T11:37:44Z" duration-ms="16848">
      <class name="com.qa.Test.DesktopComponentSelectionPageTest">
        <test-method is-config="true" signature="setUp()[pri:0, instance:com.qa.Test.DesktopComponentSelectionPageTest@239a307b]" started-at="2021-08-31T11:37:27Z" name="setUp" finished-at="2021-08-31T11:37:30Z" duration-ms="3021" status="PASS">
          <reporter-output>
          </reporter-output>
        </test-method> <!-- setUp -->
        <test-method is-config="true" signature="doLogin()[pri:0, instance:com.qa.Test.DesktopComponentSelectionPageTest@239a307b]" started-at="2021-08-31T11:37:30Z" name="doLogin" finished-at="2021-08-31T11:37:37Z" duration-ms="7284" status="PASS">
          <reporter-output>
          </reporter-output>
        </test-method> <!-- doLogin -->
        <test-method signature="doDesktopProdSelectionTest()[pri:1, instance:com.qa.Test.DesktopComponentSelectionPageTest@239a307b]" started-at="2021-08-31T11:37:37Z" name="doDesktopProdSelectionTest" finished-at="2021-08-31T11:37:40Z" duration-ms="2220" status="PASS">
          <reporter-output>
          </reporter-output>
        </test-method> <!-- doDesktopProdSelectionTest -->
        <test-method signature="doCompareBtnClickTest()[pri:2, instance:com.qa.Test.DesktopComponentSelectionPageTest@239a307b]" started-at="2021-08-31T11:37:40Z" name="doCompareBtnClickTest" finished-at="2021-08-31T11:37:40Z" duration-ms="67" status="PASS">
          <reporter-output>
          </reporter-output>
        </test-method> <!-- doCompareBtnClickTest -->
        <test-method signature="doContainerClickTest()[pri:3, instance:com.qa.Test.DesktopComponentSelectionPageTest@239a307b]" started-at="2021-08-31T11:37:40Z" name="doContainerClickTest" finished-at="2021-08-31T11:37:41Z" duration-ms="1391" status="PASS">
          <reporter-output>
          </reporter-output>
        </test-method> <!-- doContainerClickTest -->
        <test-method signature="doProductComapreBtnClickTest()[pri:4, instance:com.qa.Test.DesktopComponentSelectionPageTest@239a307b]" started-at="2021-08-31T11:37:41Z" name="doProductComapreBtnClickTest" finished-at="2021-08-31T11:37:43Z" duration-ms="2222" status="PASS">
          <reporter-output>
          </reporter-output>
        </test-method> <!-- doProductComapreBtnClickTest -->
        <test-method is-config="true" signature="tearDown()[pri:0, instance:com.qa.Test.DesktopComponentSelectionPageTest@239a307b]" started-at="2021-08-31T11:37:43Z" name="tearDown" finished-at="2021-08-31T11:37:44Z" duration-ms="631" status="PASS">
          <reporter-output>
          </reporter-output>
        </test-method> <!-- tearDown -->
      </class> <!-- com.qa.Test.DesktopComponentSelectionPageTest -->
    </test> <!-- DesktopComponentSelectionPageTest page Test -->
  </suite> <!-- DemoCart Test automtion practise regression suite -->
</testng-results>
